<?xml version="1.0" encoding="UTF-8"?>
<!-- Generated by org.testng.reporters.JUnitXMLReporter -->
<testsuite ignored="0" hostname="DESKTOP-5MGC367" failures="0" tests="3" name="Home Loan" time="0.016" errors="0" timestamp="2022-05-30T10:26:10 IST">
  <testcase classname="test.Day4" name="LoginAPIHomeLoan" time="0.001"/>
  <testcase classname="test.Day4" name="MobileLoginHomeLoan" time="0.002"/>
  <testcase classname="test.Day4" name="WebLoginHomeLoan" time="0.002"/>
</testsuite> <!-- Home Loan -->
