<?xml version="1.0" encoding="UTF-8"?>
<!-- Generated by org.testng.reporters.JUnitXMLReporter -->
<testsuite ignored="0" hostname="DESKTOP-5MGC367" failures="0" tests="6" name="Personal Loan" time="0.11" errors="0" timestamp="2022-05-30T11:11:51 IST">
  <testcase classname="test.Day1" name="SecondTest" time="0.011"/>
  <testcase classname="test.Day1" name="demo" time="0.003"/>
  <testcase classname="test.Day2" name="Demo" time="0.002"/>
  <testcase classname="test.Day4" name="LoginAPIHomeLoan" time="0.003"/>
  <testcase classname="test.Day4" name="MobileLoginHomeLoan" time="0.003"/>
  <testcase classname="test.Day4" name="WebLoginHomeLoan" time="0.006"/>
</testsuite> <!-- Personal Loan -->
