<?xml version="1.0" encoding="UTF-8"?>
<!-- Generated by org.testng.reporters.JUnitXMLReporter -->
<testsuite ignored="0" hostname="DESKTOP-5MGC367" failures="0" tests="4" name="Test" time="110.932" errors="0" timestamp="2022-06-01T08:15:39 IST">
  <testcase classname="academy.ValidateNavigationBar" name="basePageNavigation" time="51.609"/>
  <testcase classname="academy.HomePage" name="basePageNavigation" time="19.583"/>
  <testcase classname="academy.HomePage" name="basePageNavigation" time="23.522"/>
  <testcase classname="academy.ValidateTitle" name="basePageNavigation" time="16.13"/>
</testsuite> <!-- Test -->
