<?xml version="1.0" encoding="UTF-8"?>
<!-- Generated by org.testng.reporters.JUnitXMLReporter -->
<testsuite ignored="2" hostname="DESKTOP-5MGC367" failures="0" tests="5" name="Car Loan" time="0.114" errors="0" timestamp="2022-04-29T15:50:54 IST">
  <testcase classname="test.TestNg3" name="MobileLogin" time="0.012"/>
  <testcase classname="test.TestNg3" name="MobileProcess" time="0.005"/>
  <testcase classname="test.TestNg3" name="MobileProcess" time="0.01"/>
  <testcase classname="test.TestNg3" name="MobileProcess" time="0.004"/>
  <testcase classname="test.TestNg3" name="MobileSignOut" time="0.011"/>
  <testcase classname="test.TestNg3" name="LoginAPILoan" time="0.0">
    <ignored/>
  </testcase> <!-- LoginAPILoan -->
  <testcase classname="test.TestNg3" name="WebLogin" time="0.0">
    <ignored/>
  </testcase> <!-- WebLogin -->
</testsuite> <!-- Car Loan -->
