<?xml version="1.0" encoding="UTF-8"?>
<!-- Generated by org.testng.reporters.JUnitXMLReporter -->
<testsuite ignored="0" hostname="DESKTOP-5MGC367" failures="0" tests="8" name="Loan" time="0.133" errors="0" timestamp="2022-04-29T12:18:53 IST">
  <testcase classname="test.TestNg1" name="Demo" time="0.013"/>
  <testcase classname="test.TestNg1" name="SecondTest" time="0.003"/>
  <testcase classname="test.TestNg2" name="sayHi" time="0.002"/>
  <testcase classname="test.TestNg3" name="LoginAPILoan" time="0.002"/>
  <testcase classname="test.TestNg3" name="MobileLogin" time="0.002"/>
  <testcase classname="test.TestNg3" name="MobileProcess" time="0.003"/>
  <testcase classname="test.TestNg3" name="MobileSignOut" time="0.003"/>
  <testcase classname="test.TestNg3" name="WebLogin" time="0.003"/>
</testsuite> <!-- Loan -->
