<?xml version="1.0" encoding="UTF-8"?>
<!-- Generated by org.testng.reporters.JUnitXMLReporter -->
<testsuite ignored="7" hostname="DESKTOP-5MGC367" failures="0" tests="2" name="Regression" time="0.08" errors="0" timestamp="2022-04-29T14:44:37 IST">
  <testcase classname="test.TestNg1" name="SecondTest" time="0.012"/>
  <testcase classname="test.TestNg2" name="sayHi" time="0.002"/>
  <testcase classname="test.TestNg2" name="sayHello" time="0.0">
    <ignored/>
  </testcase> <!-- sayHello -->
  <testcase classname="test.TestNg3" name="LoginAPILoan" time="0.0">
    <ignored/>
  </testcase> <!-- LoginAPILoan -->
  <testcase classname="test.TestNg1" name="Demo" time="0.0">
    <ignored/>
  </testcase> <!-- Demo -->
  <testcase classname="test.TestNg3" name="MobileLogin" time="0.0">
    <ignored/>
  </testcase> <!-- MobileLogin -->
  <testcase classname="test.TestNg3" name="MobileProcess" time="0.0">
    <ignored/>
  </testcase> <!-- MobileProcess -->
  <testcase classname="test.TestNg3" name="MobileSignOut" time="0.0">
    <ignored/>
  </testcase> <!-- MobileSignOut -->
  <testcase classname="test.TestNg3" name="WebLogin" time="0.0">
    <ignored/>
  </testcase> <!-- WebLogin -->
</testsuite> <!-- Regression -->
