<?xml version="1.0" encoding="UTF-8"?>
<!-- Generated by org.testng.reporters.JUnitXMLReporter -->
<testsuite ignored="1" hostname="DESKTOP-5MGC367" failures="0" tests="6" name="Test" time="0.144" errors="0" timestamp="2022-04-29T15:50:54 IST">
  <testcase classname="test.TestNg1" name="Demo" time="0.01"/>
  <testcase classname="test.TestNg1" name="SecondTest" time="0.004"/>
  <testcase classname="test.TestNg2" name="sayBye" time="0.002"/>
  <testcase classname="test.TestNg2" name="sayHi" time="0.005"/>
  <testcase classname="test.TestNg2" name="setSomeTime" time="0.026"/>
  <testcase classname="test.TestNg2" name="sayHello" time="0.002"/>
  <testcase classname="test.TestNg2" name="enableDemo" time="0.0">
    <ignored/>
  </testcase> <!-- enableDemo -->
</testsuite> <!-- Test -->
