<?xml version="1.0" encoding="UTF-8"?>
<testng-results ignored="3" total="14" passed="11" failed="0" skipped="0">
  <reporter-output>
  </reporter-output>
  <suite started-at="2022-04-29T15:50:54 IST" name="Suite" finished-at="2022-04-29T15:50:54 IST" duration-ms="144">
    <groups>
      <group name="Smoke">
        <method signature="TestNg2.sayHi()[pri:0, instance:test.TestNg2@29d89d5d]" name="sayHi" class="test.TestNg2"/>
        <method signature="TestNg1.SecondTest()[pri:0, instance:test.TestNg1@140c9f39]" name="SecondTest" class="test.TestNg1"/>
      </group> <!-- Smoke -->
    </groups>
    <test started-at="2022-04-29T15:50:54 IST" name="Test" finished-at="2022-04-29T15:50:54 IST" duration-ms="144">
      <class name="test.TestNg2">
        <test-method is-config="true" signature="beforeTest()[pri:0, instance:test.TestNg2@29d89d5d]" started-at="2022-04-29T15:50:54 IST" name="beforeTest" finished-at="2022-04-29T15:50:54 IST" duration-ms="2" status="PASS">
          <reporter-output>
          </reporter-output>
        </test-method> <!-- beforeTest -->
        <test-method is-config="true" signature="beforeclass()[pri:0, instance:test.TestNg2@29d89d5d]" started-at="2022-04-29T15:50:54 IST" name="beforeclass" finished-at="2022-04-29T15:50:54 IST" duration-ms="1" status="PASS">
          <reporter-output>
          </reporter-output>
        </test-method> <!-- beforeclass -->
        <test-method is-config="true" signature="prerequisite()[pri:0, instance:test.TestNg2@29d89d5d]" started-at="2022-04-29T15:50:54 IST" name="prerequisite" finished-at="2022-04-29T15:50:54 IST" duration-ms="2" status="PASS">
          <reporter-output>
          </reporter-output>
        </test-method> <!-- prerequisite -->
        <test-method signature="sayBye(java.lang.String)[pri:0, instance:test.TestNg2@29d89d5d]" started-at="2022-04-29T15:50:54 IST" name="sayBye" finished-at="2022-04-29T15:50:54 IST" duration-ms="2" status="PASS">
          <params>
            <param index="0">
              <value>
                <![CDATA[www.url1.com]]>
              </value>
            </param>
          </params>
          <reporter-output>
          </reporter-output>
        </test-method> <!-- sayBye -->
        <test-method is-config="true" signature="lastexection()[pri:0, instance:test.TestNg2@29d89d5d]" started-at="2022-04-29T15:50:54 IST" name="lastexection" finished-at="2022-04-29T15:50:54 IST" duration-ms="0" status="PASS">
          <reporter-output>
          </reporter-output>
        </test-method> <!-- lastexection -->
        <test-method is-config="true" signature="prerequisite()[pri:0, instance:test.TestNg2@29d89d5d]" started-at="2022-04-29T15:50:54 IST" name="prerequisite" finished-at="2022-04-29T15:50:54 IST" duration-ms="0" status="PASS">
          <reporter-output>
          </reporter-output>
        </test-method> <!-- prerequisite -->
        <test-method signature="sayHi()[pri:0, instance:test.TestNg2@29d89d5d]" started-at="2022-04-29T15:50:54 IST" name="sayHi" finished-at="2022-04-29T15:50:54 IST" duration-ms="5" status="PASS">
          <reporter-output>
          </reporter-output>
        </test-method> <!-- sayHi -->
        <test-method is-config="true" signature="lastexection()[pri:0, instance:test.TestNg2@29d89d5d]" started-at="2022-04-29T15:50:54 IST" name="lastexection" finished-at="2022-04-29T15:50:54 IST" duration-ms="0" status="PASS">
          <reporter-output>
          </reporter-output>
        </test-method> <!-- lastexection -->
        <test-method is-config="true" signature="prerequisite()[pri:0, instance:test.TestNg2@29d89d5d]" started-at="2022-04-29T15:50:54 IST" name="prerequisite" finished-at="2022-04-29T15:50:54 IST" duration-ms="1" status="PASS">
          <reporter-output>
          </reporter-output>
        </test-method> <!-- prerequisite -->
        <test-method signature="setSomeTime(java.lang.String)[pri:0, instance:test.TestNg2@29d89d5d]" started-at="2022-04-29T15:50:54 IST" name="setSomeTime" finished-at="2022-04-29T15:50:54 IST" duration-ms="26" status="PASS">
          <params>
            <param index="0">
              <value>
                <![CDATA[www.url1.com]]>
              </value>
            </param>
          </params>
          <reporter-output>
          </reporter-output>
        </test-method> <!-- setSomeTime -->
        <test-method is-config="true" signature="lastexection()[pri:0, instance:test.TestNg2@29d89d5d]" started-at="2022-04-29T15:50:54 IST" name="lastexection" finished-at="2022-04-29T15:50:54 IST" duration-ms="1" status="PASS">
          <reporter-output>
          </reporter-output>
        </test-method> <!-- lastexection -->
        <test-method is-config="true" signature="prerequisite()[pri:0, instance:test.TestNg2@29d89d5d]" started-at="2022-04-29T15:50:54 IST" name="prerequisite" finished-at="2022-04-29T15:50:54 IST" duration-ms="1" status="PASS">
          <reporter-output>
          </reporter-output>
        </test-method> <!-- prerequisite -->
        <test-method signature="sayHello()[pri:0, instance:test.TestNg2@29d89d5d]" started-at="2022-04-29T15:50:54 IST" name="sayHello" finished-at="2022-04-29T15:50:54 IST" depends-on-methods="test.TestNg2.sayHi, test.TestNg2.sayBye" duration-ms="2" status="PASS">
          <reporter-output>
          </reporter-output>
        </test-method> <!-- sayHello -->
        <test-method is-config="true" signature="lastexection()[pri:0, instance:test.TestNg2@29d89d5d]" started-at="2022-04-29T15:50:54 IST" name="lastexection" finished-at="2022-04-29T15:50:54 IST" duration-ms="1" status="PASS">
          <reporter-output>
          </reporter-output>
        </test-method> <!-- lastexection -->
        <test-method is-config="true" signature="afterTest()[pri:0, instance:test.TestNg2@29d89d5d]" started-at="2022-04-29T15:50:54 IST" name="afterTest" finished-at="2022-04-29T15:50:54 IST" duration-ms="1" status="PASS">
          <reporter-output>
          </reporter-output>
        </test-method> <!-- afterTest -->
        <test-method is-config="true" signature="afterClass()[pri:0, instance:test.TestNg2@29d89d5d]" started-at="2022-04-29T15:50:54 IST" name="afterClass" finished-at="2022-04-29T15:50:54 IST" duration-ms="0" status="PASS">
          <reporter-output>
          </reporter-output>
        </test-method> <!-- afterClass -->
      </class> <!-- test.TestNg2 -->
      <class name="test.TestNg1">
        <test-method signature="Demo(java.lang.String)[pri:0, instance:test.TestNg1@140c9f39]" started-at="2022-04-29T15:50:54 IST" name="Demo" finished-at="2022-04-29T15:50:54 IST" duration-ms="10" status="PASS">
          <params>
            <param index="0">
              <value>
                <![CDATA[www.url1.com]]>
              </value>
            </param>
          </params>
          <reporter-output>
          </reporter-output>
        </test-method> <!-- Demo -->
        <test-method signature="SecondTest()[pri:0, instance:test.TestNg1@140c9f39]" started-at="2022-04-29T15:50:54 IST" name="SecondTest" finished-at="2022-04-29T15:50:54 IST" duration-ms="4" status="PASS">
          <reporter-output>
          </reporter-output>
        </test-method> <!-- SecondTest -->
      </class> <!-- test.TestNg1 -->
    </test> <!-- Test -->
    <test started-at="2022-04-29T15:50:54 IST" name="Car Loan" finished-at="2022-04-29T15:50:54 IST" duration-ms="114">
      <class name="test.TestNg3">
        <test-method signature="MobileLogin()[pri:0, instance:test.TestNg3@543588e6]" started-at="2022-04-29T15:50:54 IST" name="MobileLogin" finished-at="2022-04-29T15:50:54 IST" duration-ms="12" status="PASS">
          <reporter-output>
          </reporter-output>
        </test-method> <!-- MobileLogin -->
        <test-method signature="MobileProcess(java.lang.String,java.lang.String)[pri:0, instance:test.TestNg3@543588e6]" started-at="2022-04-29T15:50:54 IST" name="MobileProcess" data-provider="getData" finished-at="2022-04-29T15:50:54 IST" duration-ms="5" status="PASS">
          <params>
            <param index="0">
              <value>
                <![CDATA[firstSetUserName]]>
              </value>
            </param>
            <param index="1">
              <value>
                <![CDATA[password]]>
              </value>
            </param>
          </params>
          <reporter-output>
          </reporter-output>
        </test-method> <!-- MobileProcess -->
        <test-method signature="MobileProcess(java.lang.String,java.lang.String)[pri:0, instance:test.TestNg3@543588e6]" started-at="2022-04-29T15:50:54 IST" name="MobileProcess" data-provider="getData" finished-at="2022-04-29T15:50:54 IST" duration-ms="10" status="PASS">
          <params>
            <param index="0">
              <value>
                <![CDATA[secondUserName]]>
              </value>
            </param>
            <param index="1">
              <value>
                <![CDATA[password1]]>
              </value>
            </param>
          </params>
          <reporter-output>
          </reporter-output>
        </test-method> <!-- MobileProcess -->
        <test-method signature="MobileProcess(java.lang.String,java.lang.String)[pri:0, instance:test.TestNg3@543588e6]" started-at="2022-04-29T15:50:54 IST" name="MobileProcess" data-provider="getData" finished-at="2022-04-29T15:50:54 IST" duration-ms="4" status="PASS">
          <params>
            <param index="0">
              <value>
                <![CDATA[thirdUserName]]>
              </value>
            </param>
            <param index="1">
              <value>
                <![CDATA[password2]]>
              </value>
            </param>
          </params>
          <reporter-output>
          </reporter-output>
        </test-method> <!-- MobileProcess -->
        <test-method signature="MobileSignOut()[pri:0, instance:test.TestNg3@543588e6]" started-at="2022-04-29T15:50:54 IST" name="MobileSignOut" finished-at="2022-04-29T15:50:54 IST" duration-ms="11" status="PASS">
          <reporter-output>
          </reporter-output>
        </test-method> <!-- MobileSignOut -->
      </class> <!-- test.TestNg3 -->
      <class name="test.TestNg2">
        <test-method is-config="true" signature="beforesuite()[pri:0, instance:test.TestNg2@29d89d5d]" started-at="2022-04-29T15:50:54 IST" name="beforesuite" finished-at="2022-04-29T15:50:54 IST" duration-ms="11" status="PASS">
          <reporter-output>
          </reporter-output>
        </test-method> <!-- beforesuite -->
        <test-method is-config="true" signature="afterSuite()[pri:0, instance:test.TestNg2@29d89d5d]" started-at="2022-04-29T15:50:54 IST" name="afterSuite" finished-at="2022-04-29T15:50:54 IST" duration-ms="0" status="PASS">
          <reporter-output>
          </reporter-output>
        </test-method> <!-- afterSuite -->
      </class> <!-- test.TestNg2 -->
    </test> <!-- Car Loan -->
  </suite> <!-- Suite -->
</testng-results>
