<?xml version="1.0" encoding="UTF-8"?>
<testng-results ignored="0" total="1" passed="1" failed="0" skipped="0">
  <reporter-output>
  </reporter-output>
  <suite started-at="2022-05-31T06:58:22 IST" name="Default suite" finished-at="2022-05-31T06:58:33 IST" duration-ms="11459">
    <groups>
    </groups>
    <test started-at="2022-05-31T06:58:22 IST" name="Default test" finished-at="2022-05-31T06:58:33 IST" duration-ms="11459">
      <class name="ExtentReportDemo">
        <test-method is-config="true" signature="config()[pri:0, instance:ExtentReportDemo@368247b9]" started-at="2022-05-31T06:58:22 IST" name="config" finished-at="2022-05-31T06:58:22 IST" duration-ms="717" status="PASS">
          <reporter-output>
          </reporter-output>
        </test-method> <!-- config -->
        <test-method signature="demo()[pri:0, instance:ExtentReportDemo@368247b9]" started-at="2022-05-31T06:58:22 IST" name="demo" finished-at="2022-05-31T06:58:33 IST" duration-ms="10662" status="PASS">
          <reporter-output>
          </reporter-output>
        </test-method> <!-- demo -->
      </class> <!-- ExtentReportDemo -->
    </test> <!-- Default test -->
  </suite> <!-- Default suite -->
</testng-results>
