<?xml version="1.0" encoding="UTF-8"?>
<testng-results ignored="0" total="1" passed="1" failed="0" skipped="0">
  <reporter-output>
  </reporter-output>
  <suite started-at="2022-04-30T14:58:57 IST" name="Default suite" finished-at="2022-04-30T14:59:05 IST" duration-ms="7664">
    <groups>
    </groups>
    <test started-at="2022-04-30T14:58:57 IST" name="Default test" finished-at="2022-04-30T14:59:05 IST" duration-ms="7664">
      <class name="MavenDemo.ExtentReports.ExtentReportDemo">
        <test-method is-config="true" signature="config()[pri:0, instance:MavenDemo.ExtentReports.ExtentReportDemo@25fb8912]" started-at="2022-04-30T14:58:57 IST" name="config" finished-at="2022-04-30T14:58:58 IST" duration-ms="450" status="PASS">
          <reporter-output>
          </reporter-output>
        </test-method> <!-- config -->
        <test-method signature="initialDemo()[pri:0, instance:MavenDemo.ExtentReports.ExtentReportDemo@25fb8912]" started-at="2022-04-30T14:58:58 IST" name="initialDemo" finished-at="2022-04-30T14:59:05 IST" duration-ms="7163" status="PASS">
          <reporter-output>
          </reporter-output>
        </test-method> <!-- initialDemo -->
      </class> <!-- MavenDemo.ExtentReports.ExtentReportDemo -->
    </test> <!-- Default test -->
  </suite> <!-- Default suite -->
</testng-results>
