<?xml version="1.0" encoding="UTF-8"?>
<!-- Generated by org.testng.reporters.JUnitXMLReporter -->
<testsuite ignored="0" hostname="DESKTOP-5MGC367" failures="0" tests="7" name="Default test" time="0.149" errors="0" timestamp="2022-04-29T15:23:12 IST">
  <testcase classname="test.TestNg3" name="LoginAPILoan" time="0.016"/>
  <testcase classname="test.TestNg3" name="MobileLogin" time="0.002"/>
  <testcase classname="test.TestNg3" name="MobileProcess" time="0.002"/>
  <testcase classname="test.TestNg3" name="MobileProcess" time="0.002"/>
  <testcase classname="test.TestNg3" name="MobileProcess" time="0.005"/>
  <testcase classname="test.TestNg3" name="MobileSignOut" time="0.002"/>
  <testcase classname="test.TestNg3" name="WebLogin" time="0.002"/>
</testsuite> <!-- Default test -->
