<?xml version="1.0" encoding="UTF-8"?>
<testng-results ignored="0" total="1" passed="1" failed="0" skipped="0">
  <reporter-output>
  </reporter-output>
  <suite started-at="2022-06-01T08:21:38 IST" name="Default suite" finished-at="2022-06-01T08:21:55 IST" duration-ms="17362">
    <groups>
    </groups>
    <test started-at="2022-06-01T08:21:38 IST" name="Default test" finished-at="2022-06-01T08:21:55 IST" duration-ms="17362">
      <class name="academy.ValidateNavigationBar">
        <test-method is-config="true" signature="setup()[pri:0, instance:academy.ValidateNavigationBar@1a18644]" started-at="2022-06-01T08:21:38 IST" name="setup" finished-at="2022-06-01T08:21:55 IST" duration-ms="16843" status="PASS">
          <reporter-output>
          </reporter-output>
        </test-method> <!-- setup -->
        <test-method signature="basePageNavigation()[pri:0, instance:academy.ValidateNavigationBar@1a18644]" started-at="2022-06-01T08:21:55 IST" name="basePageNavigation" finished-at="2022-06-01T08:21:55 IST" duration-ms="252" status="PASS">
          <reporter-output>
          </reporter-output>
        </test-method> <!-- basePageNavigation -->
        <test-method is-config="true" signature="teardown()[pri:0, instance:academy.ValidateNavigationBar@1a18644]" started-at="2022-06-01T08:21:55 IST" name="teardown" finished-at="2022-06-01T08:21:55 IST" duration-ms="185" status="PASS">
          <reporter-output>
          </reporter-output>
        </test-method> <!-- teardown -->
      </class> <!-- academy.ValidateNavigationBar -->
    </test> <!-- Default test -->
  </suite> <!-- Default suite -->
</testng-results>
