<?xml version="1.0" encoding="UTF-8"?>
<testng-results ignored="8" total="11" passed="3" failed="0" skipped="0">
  <reporter-output>
  </reporter-output>
  <suite started-at="2022-05-30T11:33:20 IST" name="Loan Department" finished-at="2022-05-30T11:33:20 IST" duration-ms="110">
    <groups>
      <group name="Smoke">
        <method signature="Day2.Demo()[pri:0, instance:test.Day2@27ff5d15]" name="Demo" class="test.Day2"/>
        <method signature="Day3.MobileLoginCarLoan()[pri:0, instance:test.Day3@693fe6c9]" name="MobileLoginCarLoan" class="test.Day3"/>
        <method signature="Day4.LoginAPIHomeLoan()[pri:0, instance:test.Day4@34f5090e]" name="LoginAPIHomeLoan" class="test.Day4"/>
      </group> <!-- Smoke -->
    </groups>
    <test started-at="2022-05-30T11:33:20 IST" name="Regression" finished-at="2022-05-30T11:33:20 IST" duration-ms="110">
      <class name="test.Day2">
        <test-method signature="Demo()[pri:0, instance:test.Day2@27ff5d15]" started-at="2022-05-30T11:33:20 IST" name="Demo" finished-at="2022-05-30T11:33:20 IST" duration-ms="16" status="PASS">
          <reporter-output>
          </reporter-output>
        </test-method> <!-- Demo -->
      </class> <!-- test.Day2 -->
      <class name="test.Day3">
        <test-method signature="MobileLoginCarLoan()[pri:0, instance:test.Day3@693fe6c9]" started-at="2022-05-30T11:33:20 IST" name="MobileLoginCarLoan" finished-at="2022-05-30T11:33:20 IST" duration-ms="2" status="PASS">
          <reporter-output>
          </reporter-output>
        </test-method> <!-- MobileLoginCarLoan -->
      </class> <!-- test.Day3 -->
      <class name="test.Day4">
        <test-method signature="LoginAPIHomeLoan()[pri:0, instance:test.Day4@34f5090e]" started-at="2022-05-30T11:33:20 IST" name="LoginAPIHomeLoan" finished-at="2022-05-30T11:33:20 IST" duration-ms="5" status="PASS">
          <reporter-output>
          </reporter-output>
        </test-method> <!-- LoginAPIHomeLoan -->
      </class> <!-- test.Day4 -->
    </test> <!-- Regression -->
  </suite> <!-- Loan Department -->
</testng-results>
